{"level":"error","message":"Ocurri贸 un error: TypeError: this.Model.find is not a function"}
{"level":"error","message":"Ocurri贸 un error: TypeError: this.Model is not a constructor"}
{"level":"error","message":"Ocurri贸 un error: TypeError: this.Model.find is not a function"}
{"level":"error","message":"Ocurri贸 un error: TypeError: this.Model.find is not a function"}
{"level":"warn","message":"Ruta: /productos/view/mensajes no encontrada"}
{"level":"warn","message":"Ruta: /mensajes/view/mensajes no encontrada"}
{"level":"warn","message":"Ruta: /favicon.ico no encontrada"}
{"level":"warn","message":"Ruta: /favicon.ico no encontrada"}
{"level":"warn","message":"Ruta: /productos/view/produtos no encontrada"}
{"level":"warn","message":"Ruta: /favicon.ico no encontrada"}
{"level":"warn","message":"Ruta: /signin no encontrada"}
{"level":"warn","message":"Ruta: /favicon.ico no encontrada"}
{"level":"warn","message":"Ruta: /favicon.ico no encontrada"}
{"level":"warn","message":"Ruta: /favicon.ico no encontrada"}
{"level":"warn","message":"Ruta: /favicon.ico no encontrada"}
{"level":"warn","message":"Ruta: /favicon.ico no encontrada"}
{"level":"warn","message":"Ruta: /favicon.ico no encontrada"}
{"level":"warn","message":"Ruta: /favicon.ico no encontrada"}
{"level":"warn","message":"Ruta: /favicon.ico no encontrada"}
{"level":"warn","message":"Ruta: /favicon.ico no encontrada"}
{"level":"warn","message":"Ruta: /favicon.ico no encontrada"}
{"level":"warn","message":"Ruta: /favicon.ico no encontrada"}
{"level":"warn","message":"Ruta: /favicon.ico no encontrada"}
{"level":"warn","message":"Ruta: /server.js no encontrada"}
{"level":"warn","message":"Ruta: /favicon.ico no encontrada"}
{"level":"warn","message":"Ruta: /favicon.ico no encontrada"}
{"level":"warn","message":"Ruta: /favicon.ico no encontrada"}
{"level":"warn","message":"Ruta: /favicon.ico no encontrada"}
{"level":"warn","message":"Ruta: /server.js no encontrada"}
{"level":"warn","message":"Ruta: /server.js no encontrada"}
{"level":"warn","message":"Ruta: /server.js no encontrada"}
{"level":"warn","message":"Ruta: /favicon.ico no encontrada"}
{"level":"warn","message":"Ruta: /favicon.ico no encontrada"}
{"level":"warn","message":"Ruta: /favicon.ico no encontrada"}
