{"level":"warn","message":"Ruta: /favicon.ico no encontrada"}
{"level":"warn","message":"Ruta: /favicon.ico no encontrada"}
{"level":"warn","message":"Ruta: /graphiql no encontrada"}
{"level":"warn","message":"Ruta: /favicon.ico no encontrada"}
{"level":"warn","message":"Ruta: /favicon.ico no encontrada"}
{"level":"warn","message":"Ruta: /favicon.ico no encontrada"}
{"level":"warn","message":"Ruta: /favicon.ico no encontrada"}
{"level":"warn","message":"Ruta: /favicon.ico no encontrada"}
{"level":"warn","message":"Ruta: /favicon.ico no encontrada"}
{"level":"warn","message":"Ruta: /favicon.ico no encontrada"}
{"level":"warn","message":"Ruta: /favicon.ico no encontrada"}
{"level":"warn","message":"Ruta: /favicon.ico no encontrada"}
{"level":"warn","message":"Ruta: /favicon.ico no encontrada"}
{"level":"warn","message":"Ruta: /favicon.ico no encontrada"}
{"level":"warn","message":"Ruta: /favicon.ico no encontrada"}
{"level":"warn","message":"Ruta: /favicon.ico no encontrada"}
{"level":"warn","message":"Ruta: /favicon.ico no encontrada"}
{"level":"warn","message":"Ruta: /favicon.ico no encontrada"}
{"level":"warn","message":"Ruta: /favicon.ico no encontrada"}
{"level":"warn","message":"Ruta: /favicon.ico no encontrada"}
{"level":"warn","message":"Ruta: /favicon.ico no encontrada"}
{"level":"warn","message":"Ruta: /favicon.ico no encontrada"}
{"level":"warn","message":"Ruta: /favicon.ico no encontrada"}
{"level":"warn","message":"Ruta: /favicon.ico no encontrada"}
{"level":"warn","message":"Ruta: /favicon.ico no encontrada"}
{"level":"warn","message":"Ruta: /favicon.ico no encontrada"}
{"level":"warn","message":"Ruta: /favicon.ico no encontrada"}
{"level":"warn","message":"Ruta: /favicon.ico no encontrada"}
{"level":"warn","message":"Ruta: /favicon.ico no encontrada"}
{"level":"warn","message":"Ruta: /favicon.ico no encontrada"}
{"level":"warn","message":"Ruta: /favicon.ico no encontrada"}
{"level":"warn","message":"Ruta: /favicon.ico no encontrada"}
{"level":"warn","message":"Ruta: /favicon.ico no encontrada"}
{"level":"warn","message":"Ruta: /favicon.ico no encontrada"}
{"level":"warn","message":"Ruta: /favicon.ico no encontrada"}
{"level":"warn","message":"Ruta: /favicon.ico no encontrada"}
{"level":"warn","message":"Ruta: /favicon.ico no encontrada"}
{"level":"warn","message":"Ruta: /favicon.ico no encontrada"}
{"level":"warn","message":"Ruta: /favicon.ico no encontrada"}
{"level":"warn","message":"Ruta: /favicon.ico no encontrada"}
{"level":"warn","message":"Ruta: /favicon.ico no encontrada"}
{"level":"warn","message":"Ruta: /favicon.ico no encontrada"}
{"level":"warn","message":"Ruta: /favicon.ico no encontrada"}
{"level":"warn","message":"Ruta: /favicon.ico no encontrada"}
{"level":"warn","message":"Ruta: /favicon.ico no encontrada"}
{"level":"warn","message":"Ruta: /favicon.ico no encontrada"}
{"level":"warn","message":"Ruta: /favicon.ico no encontrada"}
{"level":"warn","message":"Ruta: /favicon.ico no encontrada"}
{"level":"warn","message":"Ruta: /favicon.ico no encontrada"}
{"level":"warn","message":"Ruta: /favicon.ico no encontrada"}
{"level":"warn","message":"Ruta: /favicon.ico no encontrada"}
{"level":"warn","message":"Ruta: /favicon.ico no encontrada"}
{"level":"warn","message":"Ruta: /favicon.ico no encontrada"}
{"level":"warn","message":"Ruta: /favicon.ico no encontrada"}
{"level":"warn","message":"Ruta: /favicon.ico no encontrada"}
{"level":"warn","message":"Ruta: /favicon.ico no encontrada"}
{"level":"warn","message":"Ruta: /favicon.ico no encontrada"}
{"level":"warn","message":"Ruta: /favicon.ico no encontrada"}
{"level":"error","message":"Ocurrió un error: BSONTypeError: Argument passed in must be a string of 12 bytes or a string of 24 hex characters or an integer"}
{"level":"error","message":"Ocurrió un error: BSONTypeError: Argument passed in must be a string of 12 bytes or a string of 24 hex characters or an integer"}
{"level":"warn","message":"Ruta: /favicon.ico no encontrada"}
{"level":"warn","message":"Ruta: /favicon.ico no encontrada"}
{"level":"warn","message":"Ruta: /favicon.ico no encontrada"}
{"level":"warn","message":"Ruta: /favicon.ico no encontrada"}
{"level":"warn","message":"Ruta: /favicon.ico no encontrada"}
{"level":"warn","message":"Ruta: /favicon.ico no encontrada"}
{"level":"warn","message":"Ruta: /favicon.ico no encontrada"}
{"level":"error","message":"Ocurrió un error: MongooseServerSelectionError: Could not connect to any servers in your MongoDB Atlas cluster. One common reason is that you're trying to access the database from an IP that isn't whitelisted. Make sure your current IP address is on your Atlas cluster's IP whitelist: https://docs.atlas.mongodb.com/security-whitelist/"}
{"level":"warn","message":"Ruta: /favicon.ico no encontrada"}
{"level":"warn","message":"Ruta: /favicon.ico no encontrada"}
{"level":"warn","message":"Ruta: /favicon.ico no encontrada"}
{"level":"warn","message":"Ruta: /favicon.ico no encontrada"}
{"level":"warn","message":"Ruta: /favicon.ico no encontrada"}
{"level":"warn","message":"Ruta: /favicon.ico no encontrada"}
{"level":"warn","message":"Ruta: /favicon.ico no encontrada"}
{"level":"warn","message":"Ruta: /favicon.ico no encontrada"}
{"level":"warn","message":"Ruta: /favicon.ico no encontrada"}
{"level":"warn","message":"Ruta: /favicon.ico no encontrada"}
{"level":"warn","message":"Ruta: /favicon.ico no encontrada"}
{"level":"warn","message":"Ruta: /favicon.ico no encontrada"}
{"level":"warn","message":"Ruta: /favicon.ico no encontrada"}
{"level":"warn","message":"Ruta: /favicon.ico no encontrada"}
{"level":"warn","message":"Ruta: /favicon.ico no encontrada"}
{"level":"warn","message":"Ruta: /favicon.ico no encontrada"}
{"level":"warn","message":"Ruta: /favicon.ico no encontrada"}
{"level":"warn","message":"Ruta: /favicon.ico no encontrada"}
{"level":"error","message":"Ocurrió un error: ValidationError: _id: Cast to ObjectId failed for value \"bobi89\" (type string) at path \"_id\" because of \"BSONTypeError\""}
{"level":"error","message":"Ocurrió un error: BSONTypeError: Argument passed in must be a string of 12 bytes or a string of 24 hex characters or an integer"}
{"level":"error","message":"Ocurrió un error: BSONTypeError: Argument passed in must be a string of 12 bytes or a string of 24 hex characters or an integer"}
{"level":"warn","message":"Ruta: /favicon.ico no encontrada"}
{"level":"warn","message":"Ruta: /favicon.ico no encontrada"}
{"level":"warn","message":"Ruta: /favicon.ico no encontrada"}
{"level":"error","message":"Ocurrió un error: BSONTypeError: Argument passed in must be a string of 12 bytes or a string of 24 hex characters or an integer"}
{"level":"error","message":"Ocurrió un error: BSONTypeError: Argument passed in must be a string of 12 bytes or a string of 24 hex characters or an integer"}
{"level":"error","message":"Ocurrió un error: BSONTypeError: Argument passed in must be a string of 12 bytes or a string of 24 hex characters or an integer"}
{"level":"error","message":"Ocurrió un error: BSONTypeError: Argument passed in must be a string of 12 bytes or a string of 24 hex characters or an integer"}
{"level":"error","message":"Ocurrió un error: BSONTypeError: Argument passed in must be a string of 12 bytes or a string of 24 hex characters or an integer"}
{"level":"error","message":"Ocurrió un error: BSONTypeError: Argument passed in must be a string of 12 bytes or a string of 24 hex characters or an integer"}
{"level":"error","message":"Ocurrió un error: BSONTypeError: Argument passed in must be a string of 12 bytes or a string of 24 hex characters or an integer"}
{"level":"error","message":"Ocurrió un error: BSONTypeError: Argument passed in must be a string of 12 bytes or a string of 24 hex characters or an integer"}
{"level":"error","message":"Ocurrió un error: BSONTypeError: Argument passed in must be a string of 12 bytes or a string of 24 hex characters or an integer"}
{"level":"error","message":"Ocurrió un error: BSONTypeError: Argument passed in must be a string of 12 bytes or a string of 24 hex characters or an integer"}
{"level":"error","message":"Ocurrió un error: BSONTypeError: Argument passed in must be a string of 12 bytes or a string of 24 hex characters or an integer"}
{"level":"error","message":"Ocurrió un error: BSONTypeError: Argument passed in must be a string of 12 bytes or a string of 24 hex characters or an integer"}
{"level":"error","message":"Ocurrió un error: BSONTypeError: Argument passed in must be a string of 12 bytes or a string of 24 hex characters or an integer"}
{"level":"warn","message":"Ruta: /favicon.ico no encontrada"}
{"level":"error","message":"Ocurrió un error: BSONTypeError: Argument passed in must be a string of 12 bytes or a string of 24 hex characters or an integer"}
{"level":"error","message":"Ocurrió un error: BSONTypeError: Argument passed in does not match the accepted types"}
{"level":"error","message":"Ocurrió un error: BSONTypeError: Argument passed in does not match the accepted types"}
{"level":"error","message":"Ocurrió un error: BSONTypeError: Argument passed in does not match the accepted types"}
{"level":"error","message":"Ocurrió un error: BSONTypeError: Argument passed in does not match the accepted types"}
{"level":"error","message":"Ocurrió un error: BSONTypeError: Argument passed in does not match the accepted types"}
{"level":"error","message":"Ocurrió un error: BSONTypeError: Argument passed in does not match the accepted types"}
{"level":"warn","message":"Ruta: /favicon.ico no encontrada"}
{"level":"warn","message":"Ruta: /favicon.ico no encontrada"}
{"level":"warn","message":"Ruta: /favicon.ico no encontrada"}
{"level":"warn","message":"Ruta: /favicon.ico no encontrada"}
{"level":"warn","message":"Ruta: /favicon.ico no encontrada"}
{"level":"warn","message":"Ruta: /favicon.ico no encontrada"}
{"level":"warn","message":"Ruta: /favicon.ico no encontrada"}
{"level":"warn","message":"Ruta: /favicon.ico no encontrada"}
{"level":"warn","message":"Ruta: /favicon.ico no encontrada"}
{"level":"warn","message":"Ruta: /favicon.ico no encontrada"}
{"level":"warn","message":"Ruta: /favicon.ico no encontrada"}
{"level":"error","message":"Ocurrió un error: MongooseServerSelectionError: Could not connect to any servers in your MongoDB Atlas cluster. One common reason is that you're trying to access the database from an IP that isn't whitelisted. Make sure your current IP address is on your Atlas cluster's IP whitelist: https://docs.atlas.mongodb.com/security-whitelist/"}
{"level":"warn","message":"Ruta: /favicon.ico no encontrada"}
{"level":"warn","message":"Ruta: /favicon.ico no encontrada"}
{"level":"warn","message":"Ruta: /favicon.ico no encontrada"}
{"level":"warn","message":"Ruta: /favicon.ico no encontrada"}
{"level":"error","message":"Ocurrió un error: ValidationError: price: Cast to Number failed for value \"price: $price\" (type string) at path \"price\""}
{"level":"error","message":"Ocurrió un error: ValidationError: price: Cast to Number failed for value \"price: $price\" (type string) at path \"price\""}
{"level":"error","message":"Ocurrió un error: ValidationError: price: Cast to Number failed for value \"price: $price\" (type string) at path \"price\""}
{"level":"error","message":"Ocurrió un error: ValidationError: price: Cast to Number failed for value \"price: $price\" (type string) at path \"price\""}
{"level":"error","message":"Ocurrió un error: ValidationError: price: Cast to Number failed for value \"price: $price\" (type string) at path \"price\""}
{"level":"error","message":"Ocurrió un error: ValidationError: price: Cast to Number failed for value \"price: $price\" (type string) at path \"price\""}
{"level":"warn","message":"Ruta: /favicon.ico no encontrada"}
{"level":"warn","message":"Ruta: /favicon.ico no encontrada"}
{"level":"warn","message":"Ruta: /favicon.ico no encontrada"}
{"level":"warn","message":"Ruta: /favicon.ico no encontrada"}
{"level":"warn","message":"Ruta: /favicon.ico no encontrada"}
{"level":"warn","message":"Ruta: /favicon.ico no encontrada"}
{"level":"warn","message":"Ruta: /favicon.ico no encontrada"}
{"level":"error","message":"Ocurrió un error: MongooseError: Operation `productos.insertOne()` buffering timed out after 10000ms"}
{"level":"error","message":"Ocurrió un error: BSONTypeError: Argument passed in does not match the accepted types"}
{"level":"error","message":"Ocurrió un error: BSONTypeError: Argument passed in does not match the accepted types"}
{"level":"error","message":"Ocurrió un error: BSONTypeError: Argument passed in does not match the accepted types"}
{"level":"error","message":"Ocurrió un error: BSONTypeError: Argument passed in does not match the accepted types"}
{"level":"error","message":"Ocurrió un error: BSONTypeError: Argument passed in does not match the accepted types"}
{"level":"error","message":"Ocurrió un error: BSONTypeError: Argument passed in does not match the accepted types"}
{"level":"error","message":"Ocurrió un error: BSONTypeError: Argument passed in must be a string of 12 bytes or a string of 24 hex characters or an integer"}
{"level":"error","message":"Ocurrió un error: BSONTypeError: Argument passed in must be a string of 12 bytes or a string of 24 hex characters or an integer"}
{"level":"error","message":"Ocurrió un error: BSONTypeError: Argument passed in must be a string of 12 bytes or a string of 24 hex characters or an integer"}
