{"level":"warn","message":"Ruta: /auth/login/suck no encontrada"}
{"level":"error","message":"Ocurrió un error: Error: Required parameter \"opts['to']\" missing."}
{"level":"error","message":"Ocurrió un error: Error: Required parameter \"opts['to']\" missing."}
{"level":"error","message":"Ocurrió un error: Error: Required parameter \"opts['to']\" missing."}
{"level":"warn","message":"Ruta: /auth/login/suck no encontrada"}
{"level":"error","message":"Ocurrió un error: Error: Required parameter \"opts['to']\" missing."}
{"level":"error","message":"Ocurrió un error: Error: Required parameter \"opts['to']\" missing."}
{"level":"error","message":"Ocurrió un error: Error: Required parameter \"opts['to']\" missing."}
{"level":"error","message":"Ocurrió un error: Error: Required parameter \"opts['to']\" missing."}
{"level":"error","message":"Ocurrió un error: Error: Required parameter \"opts['to']\" missing."}
{"level":"error","message":"Ocurrió un error: Error: Required parameter \"opts['to']\" missing."}
{"level":"error","message":"Ocurrió un error: Error: Required parameter \"opts['to']\" missing."}
{"level":"error","message":"Ocurrió un error: Error: Required parameter \"opts['to']\" missing."}
{"level":"error","message":"Ocurrió un error: Error: Required parameter \"opts['to']\" missing."}
{"level":"error","message":"Ocurrió un error: Error: Required parameter \"opts['to']\" missing."}
{"level":"error","message":"Ocurrió un error: Error: Required parameter \"opts['to']\" missing."}
{"level":"error","message":"Ocurrió un error: Error: Required parameter \"opts['to']\" missing."}
{"level":"error","message":"Ocurrió un error: Error: Required parameter \"opts['to']\" missing."}
{"level":"error","message":"Ocurrió un error: Error: Required parameter \"opts['to']\" missing."}
{"level":"error","message":"Ocurrió un error: Error: Required parameter \"opts['to']\" missing."}
{"level":"error","message":"Ocurrió un error: Error: Required parameter \"opts['to']\" missing."}
{"level":"error","message":"Ocurrió un error: Error: Required parameter \"opts['to']\" missing."}
{"level":"error","message":"Ocurrió un error: Error: Required parameter \"opts['to']\" missing."}
{"level":"error","message":"Ocurrió un error: Error: Required parameter \"opts['to']\" missing."}
{"level":"error","message":"Ocurrió un error: Error: Required parameter \"opts['to']\" missing."}
{"level":"error","message":"Ocurrió un error: Error: Required parameter \"opts['to']\" missing."}
{"level":"error","message":"Ocurrió un error: Error: Required parameter \"opts['to']\" missing."}
{"level":"error","message":"Ocurrió un error: Error: Required parameter \"opts['to']\" missing."}
{"level":"error","message":"Ocurrió un error: Error: Required parameter \"opts['to']\" missing."}
{"level":"error","message":"Ocurrió un error: Error: Required parameter \"opts['to']\" missing."}
{"level":"error","message":"Ocurrió un error: Error: Required parameter \"opts['to']\" missing."}
{"level":"error","message":"Ocurrió un error: Error: Required parameter \"opts['to']\" missing."}
{"level":"error","message":"Ocurrió un error: Error: Required parameter \"opts['to']\" missing."}
{"level":"error","message":"Ocurrió un error: Error: Required parameter \"opts['to']\" missing."}
{"level":"warn","message":"Ruta: /server.js no encontrada"}
{"level":"warn","message":"Ruta: /server.js no encontrada"}
{"level":"warn","message":"Ruta: /auth/css/style.css no encontrada"}
{"level":"warn","message":"Ruta: /server.js no encontrada"}
{"level":"warn","message":"Ruta: /server.js no encontrada"}
{"level":"warn","message":"Ruta: /auth/css/style.css no encontrada"}
{"level":"warn","message":"Ruta: /server.js no encontrada"}
{"level":"error","message":"Ocurrió un error: Error: Required parameter \"opts['to']\" missing."}
{"level":"warn","message":"Ruta: /server.js no encontrada"}
{"level":"warn","message":"Ruta: /auth/css/style.css no encontrada"}
{"level":"warn","message":"Ruta: /server.js no encontrada"}
{"level":"warn","message":"Ruta: /auth/css/style.css no encontrada"}
{"level":"warn","message":"Ruta: /server.js no encontrada"}
{"level":"error","message":"Ocurrió un error: Error: Required parameter \"opts['to']\" missing."}
{"level":"error","message":"Ocurrió un error: Error: Required parameter \"opts['to']\" missing."}
{"level":"error","message":"Ocurrió un error: Error: Required parameter \"opts['to']\" missing."}
{"level":"error","message":"Ocurrió un error: Error: Required parameter \"opts['to']\" missing."}
{"level":"error","message":"Ocurrió un error: Error: Required parameter \"opts['to']\" missing."}
{"level":"error","message":"Ocurrió un error: Error: Required parameter \"opts['to']\" missing."}
{"level":"error","message":"Ocurrió un error: Error: Required parameter \"opts['to']\" missing."}
{"level":"error","message":"Ocurrió un error: Error: Required parameter \"opts['to']\" missing."}
{"level":"warn","message":"Ruta: /auth/[object%20Object] no encontrada"}
{"level":"error","message":"Ocurrió un error: Error: Required parameter \"opts['to']\" missing."}
{"level":"error","message":"Ocurrió un error: Error: Required parameter \"opts['to']\" missing."}
{"level":"warn","message":"Ruta: /auth/[object%20Object] no encontrada"}
{"level":"warn","message":"Ruta: /auth/[object%20Object] no encontrada"}
{"level":"error","message":"Ocurrió un error: Error: Required parameter \"opts['to']\" missing."}
{"level":"warn","message":"Ruta: /server.js no encontrada"}
{"level":"warn","message":"Ruta: /server.js no encontrada"}
{"level":"warn","message":"Ruta: /auth/css/style.css no encontrada"}
{"level":"warn","message":"Ruta: /server.js no encontrada"}
{"level":"error","message":"Ocurrió un error: Error: Required parameter \"opts['to']\" missing."}
{"level":"error","message":"Ocurrió un error: Error: Required parameter \"opts['to']\" missing."}
{"level":"error","message":"Ocurrió un error: Error: Required parameter \"opts['to']\" missing."}
{"level":"error","message":"Ocurrió un error: Error: Required parameter \"opts['to']\" missing."}
{"level":"warn","message":"Ruta: /auth/[object%20Object] no encontrada"}
{"level":"warn","message":"Ruta: /auth/[object%20Object] no encontrada"}
{"level":"warn","message":"Ruta: /auth/[object%20Object] no encontrada"}
{"level":"warn","message":"Ruta: /auth/[object%20Object] no encontrada"}
{"level":"warn","message":"Ruta: /login no encontrada"}
{"level":"warn","message":"Ruta: /login no encontrada"}
{"level":"warn","message":"Ruta: /login no encontrada"}
{"level":"warn","message":"Ruta: /login no encontrada"}
{"level":"warn","message":"Ruta: /login no encontrada"}
{"level":"error","message":"Ocurrió un error: Error: Required parameter \"opts['to']\" missing."}
{"level":"error","message":"Ocurrió un error: Error: Required parameter \"opts['to']\" missing."}
{"level":"error","message":"Ocurrió un error: Error: Required parameter \"opts['to']\" missing."}
{"level":"error","message":"Ocurrió un error: Error: Required parameter \"opts['to']\" missing."}
{"level":"error","message":"Ocurrió un error: ReferenceError: whaTWILIO_PHONE is not defined"}
{"level":"error","message":"Ocurrió un error: Error: Required parameter \"opts['to']\" missing."}
{"level":"error","message":"Ocurrió un error: Error: The 'To' number whatsapp: +12069445062 is not a valid phone number."}
{"level":"error","message":"Ocurrió un error: ReferenceError: _PHONE is not defined"}
{"level":"error","message":"Ocurrió un error: Error: The 'To' number whatsapp: undefined is not a valid phone number."}
{"level":"error","message":"Ocurrió un error con Twilio: Error: The 'To' number whatsapp: undefined is not a valid phone number."}
{"level":"error","message":"Ocurrió un error con Twilio: Error: The 'To' number whatsapp: undefined is not a valid phone number."}
{"level":"error","message":"Ocurrió un error con Twilio: Error: The 'To' number whatsapp: undefined is not a valid phone number."}
{"level":"error","message":"Ocurrió un error con Twilio: Error: The 'To' number whatsapp: undefined is not a valid phone number."}
{"level":"error","message":"Ocurrió un error con Twilio: Error: The 'To' number whatsapp: +12069445062 is not a valid phone number."}
{"level":"error","message":"Ocurrió un error con Twilio: Error: The 'To' number whatsapp: undefined is not a valid phone number."}
{"level":"error","message":"Ocurrió un error con Twilio: Error: The 'To' number whatsapp: undefined is not a valid phone number."}
{"level":"error","message":"Ocurrió un error con Twilio: Error: The 'To' number whatsapp: undefined is not a valid phone number."}
{"level":"error","message":"Ocurrió un error con Twilio: Error: The 'To' number whatsapp: undefined is not a valid phone number."}
{"level":"error","message":"Ocurrió un error con Twilio: Error: The 'To' number whatsapp: undefined is not a valid phone number."}
{"level":"warn","message":"Ruta: /login no encontrada"}
{"level":"warn","message":"Ruta: /login no encontrada"}
{"level":"warn","message":"Ruta: /login no encontrada"}
{"level":"error","message":"Ocurrió un error con Twilio: Error: The 'To' number whatsapp: undefined is not a valid phone number."}
{"level":"error","message":"Ocurrió un error con Twilio: Error: The 'To' number whatsapp: undefined is not a valid phone number."}
{"level":"error","message":"Ocurrió un error con Twilio: Error: The 'To' number whatsapp: undefined is not a valid phone number."}
{"level":"error","message":"Ocurrió un error con Twilio: Error: The 'To' number whatsapp: undefined is not a valid phone number."}
{"level":"error","message":"Ocurrió un error con Twilio: Error: The 'To' number whatsapp: undefined is not a valid phone number."}
{"level":"error","message":"Ocurrió un error con Twilio: Error: The 'To' number whatsapp: undefined is not a valid phone number."}
{"level":"error","message":"Ocurrió un error con Twilio: Error: The 'To' number whatsapp: undefined is not a valid phone number."}
{"level":"error","message":"Ocurrió un error con Twilio: Error: The 'To' number whatsapp: undefined is not a valid phone number."}
{"level":"error","message":"Ocurrió un error con Twilio: Error: The 'To' number whatsapp: undefined is not a valid phone number."}
{"level":"error","message":"Ocurrió un error con Twilio: Error: The 'To' number whatsapp: undefined is not a valid phone number."}
{"level":"error","message":"Ocurrió un error con Twilio: Error: The 'To' number whatsapp: undefined is not a valid phone number."}
{"level":"error","message":"Ocurrió un error con Twilio: Error: The 'To' number whatsapp: undefined is not a valid phone number."}
{"level":"error","message":"Ocurrió un error con Twilio: Error: The 'To' number whatsapp: undefined is not a valid phone number."}
{"level":"error","message":"Ocurrió un error con Twilio: Error: The 'To' number whatsapp: undefined is not a valid phone number."}
{"level":"error","message":"Ocurrió un error con Twilio: Error: The 'To' number whatsapp: undefined is not a valid phone number."}
{"level":"error","message":"Ocurrió un error con Twilio: Error: The 'To' number whatsapp: undefined is not a valid phone number."}
{"level":"error","message":"Ocurrió un error con Twilio: Error: The 'To' number whatsapp: undefined is not a valid phone number."}
{"level":"error","message":"Ocurrió un error con Twilio: Error: The 'To' number whatsapp: undefined is not a valid phone number."}
{"level":"error","message":"Ocurrió un error con Twilio: Error: The 'To' number whatsapp: undefined is not a valid phone number."}
{"level":"error","message":"Ocurrió un error con Twilio: Error: The 'To' number whatsapp: undefined is not a valid phone number."}
{"level":"error","message":"Ocurrió un error con Twilio: Error: The 'To' number whatsapp: undefined is not a valid phone number."}
{"level":"error","message":"Ocurrió un error con Nodemailer: Error: getaddrinfo ENOTFOUND gmail"}
{"level":"error","message":"Ocurrió un error con Nodemailer: Error: Invalid login: 535-5.7.8 Username and Password not accepted. Learn more at\n535 5.7.8  https://support.google.com/mail/?p=BadCredentials k2-20020a056870d0c200b0014ff15936casm259586oaa.40 - gsmtp"}
{"level":"error","message":"Ocurrió un error con Nodemailer: Error: Invalid login: 535-5.7.8 Username and Password not accepted. Learn more at\n535 5.7.8  https://support.google.com/mail/?p=BadCredentials o2-20020a9d6d02000000b006704589eb54sm4628100otp.74 - gsmtp"}
{"level":"error","message":"Ocurrió un error con Nodemailer: Error: Invalid login: 535-5.7.8 Username and Password not accepted. Learn more at\n535 5.7.8  https://support.google.com/mail/?p=BadCredentials t123-20020a4a5481000000b00492f9f46aa4sm3808815ooa.36 - gsmtp"}
{"level":"error","message":"Ocurrió un error con Nodemailer: Error [ERR_TLS_CERT_ALTNAME_INVALID]: Hostname/IP does not match certificate's altnames: Host: smtp.gamil.com. is not in the cert's altnames: DNS:db.s1394.sureserver.com, DNS:dns.s1394.sureserver.com, DNS:ftp.s1394.sureserver.com, DNS:imap.s1394.sureserver.com, DNS:imap4.s1394.sureserver.com, DNS:incoming.s1394.sureserver.com, DNS:mail.s1394.sureserver.com, DNS:mbox.s1394.sureserver.com, DNS:mysql.s1394.sureserver.com, DNS:mysql4.s1394.sureserver.com, DNS:mysql5.s1394.sureserver.com, DNS:ns.s1394.sureserver.com, DNS:outgoing.s1394.sureserver.com, DNS:pop.s1394.sureserver.com, DNS:pop3.s1394.sureserver.com, DNS:s1394.sureserver.com, DNS:smtp.s1394.sureserver.com, DNS:ssl.s1394.sureserver.com, DNS:webmail.s1394.sureserver.com, DNS:www.s1394.sureserver.com"}
{"level":"error","message":"Ocurrió un error con Nodemailer: Error: Invalid login: 535-5.7.8 Username and Password not accepted. Learn more at\n535 5.7.8  https://support.google.com/mail/?p=BadCredentials z36-20020a056870462400b00144e6ffe9e5sm4291134oao.47 - gsmtp"}
{"level":"error","message":"Ocurrió un error con Nodemailer: Error: Invalid login: 535-5.7.8 Username and Password not accepted. Learn more at\n535 5.7.8  https://support.google.com/mail/?p=BadCredentials w9-20020a056871060900b0012763819bcasm4332036oan.50 - gsmtp"}
{"level":"error","message":"Ocurrió un error con Nodemailer: Error: No recipients defined"}
{"level":"error","message":"Ocurrió un error con Twilio: Error: The 'To' number whatsapp: +543512354676 is not a valid phone number."}
{"level":"error","message":"Ocurrió un error con Twilio: Error: The 'To' number whatsapp: +543512354676 is not a valid phone number."}
{"level":"error","message":"Ocurrió un error con Twilio: Error: The 'To' number whatsapp: +543512354676 is not a valid phone number."}
{"level":"error","message":"Ocurrió un error con Twilio y Whatsapp: Error: The 'To' number whatsapp: +543512354676 is not a valid phone number."}
{"level":"error","message":"Ocurrió un error con Twilio y Whatsapp: Error: The 'To' number whatsapp: +543512354676 is not a valid phone number."}
{"level":"error","message":"Ocurrió un error con Twilio y Whatsapp: Error: The 'To' number whatsapp: +543512354676 is not a valid phone number."}
{"level":"error","message":"Ocurrió un error con Twilio y Whatsapp: Error: The 'To' number whatsapp: +543512354676 is not a valid phone number."}
{"level":"error","message":"Ocurrió un error con Twilio y Whatsapp: Error: The 'To' number whatsapp: +543512354676 is not a valid phone number."}
{"level":"error","message":"Ocurrió un error con Twilio y Whatsapp: Error: The 'To' number whatsapp: +5493512354676 is not a valid phone number."}
{"level":"error","message":"Ocurrió un error con Twilio y SMS: Error: The number  is unverified. Trial accounts cannot send messages to unverified numbers; verify  at twilio.com/user/account/phone-numbers/verified, or purchase a Twilio number to send messages to unverified numbers."}
